2025-08-11T12:14:22.664+05:30  INFO 684 --- [09.sb-banner] [main] o.s.boot.SpringApplication               : 

		a custom banner

								EPS25IPM015
								
								


2025-08-11T12:14:22.698+05:30  INFO 684 --- [09.sb-banner] [main] com.cognizant.boot.Application           : Starting Application using Java 17.0.0.1 with PID 684 (C:\cognizant\EPS25IPM015\spring\boot\core\09.sb-banner\target\classes started by Sunil Joseph in C:\cognizant\EPS25IPM015\spring\boot\core\09.sb-banner)
2025-08-11T12:14:22.699+05:30  INFO 684 --- [09.sb-banner] [main] com.cognizant.boot.Application           : No active profile set, falling back to 1 default profile: "default"
2025-08-11T12:14:22.987+05:30  INFO 684 --- [09.sb-banner] [main] com.cognizant.boot.Application           : Started Application in 0.608 seconds (process running for 0.938)
2025-08-11T12:16:38.733+05:30  INFO 1060 --- [09.sb-banner] [main] o.s.boot.SpringApplication               :                                                                                 
                                                                                
                                                                                
                                                                                
                                                                                
 _____                   _                _                                     
/  __ \                 (_)              | |                                    
| /  \/ ___   __ _ _ __  _ ______ _ _ __ | |_                                   
| |    / _ \ / _` | '_ \| |_  / _` | '_ \| __|                                  
| \__/\ (_) | (_| | | | | |/ / (_| | | | | |_                                   
 \____/\___/ \__, |_| |_|_/___\__,_|_| |_|\__|                                  
              __/ |                                                             
             |___/                                                              
          ___________  _____  _____  _____ ______________  ________  __   _____ 
         |  ___| ___ \/  ___|/ __  \|  ___|_   _| ___ \  \/  |  _  |/  | |  ___|
         | |__ | |_/ /\ `--. `' / /'|___ \  | | | |_/ / .  . | |/' |`| | |___ \ 
         |  __||  __/  `--. \  / /      \ \ | | |  __/| |\/| |  /| | | |     \ \
         | |___| |    /\__/ /./ /___/\__/ /_| |_| |   | |  | \ |_/ /_| |_/\__/ /
         \____/\_|    \____/ \_____/\____/ \___/\_|   \_|  |_/\___/ \___/\____/ 
                                                                                
                                                                                
                                                                                
                                                                                
                                                                                
                                                                             

2025-08-11T12:16:38.768+05:30  INFO 1060 --- [09.sb-banner] [main] com.cognizant.boot.Application           : Starting Application using Java 17.0.0.1 with PID 1060 (C:\cognizant\EPS25IPM015\spring\boot\core\09.sb-banner\target\classes started by Sunil Joseph in C:\cognizant\EPS25IPM015\spring\boot\core\09.sb-banner)
2025-08-11T12:16:38.770+05:30  INFO 1060 --- [09.sb-banner] [main] com.cognizant.boot.Application           : No active profile set, falling back to 1 default profile: "default"
2025-08-11T12:16:39.058+05:30  INFO 1060 --- [09.sb-banner] [main] com.cognizant.boot.Application           : Started Application in 0.616 seconds (process running for 0.964)
