2024-12-31T10:35:57.534+05:30  INFO 15156 --- [main] com.capgemini.cms.Application            : Starting Application using Java 21.0.3 with PID 15156 (C:\capgemini\spring\boot\rest\17.sb_many_to_many\target\classes started by Sunil Joseph in C:\capgemini\spring\boot\rest\17.sb_many_to_many)
2024-12-31T10:35:57.545+05:30  INFO 15156 --- [main] com.capgemini.cms.Application            : No active profile set, falling back to 1 default profile: "default"
2024-12-31T10:35:57.913+05:30  INFO 15156 --- [main] .s.d.r.c.RepositoryConfigurationDelegate : Bootstrapping Spring Data JPA repositories in DEFAULT mode.
2024-12-31T10:35:57.976+05:30  INFO 15156 --- [main] .s.d.r.c.RepositoryConfigurationDelegate : Finished Spring Data repository scanning in 53 ms. Found 2 JPA repository interfaces.
2024-12-31T10:35:58.267+05:30  INFO 15156 --- [main] o.hibernate.jpa.internal.util.LogHelper  : HHH000204: Processing PersistenceUnitInfo [name: default]
2024-12-31T10:35:58.309+05:30  INFO 15156 --- [main] org.hibernate.Version                    : HHH000412: Hibernate ORM core version 6.6.4.Final
2024-12-31T10:35:58.335+05:30  INFO 15156 --- [main] o.h.c.internal.RegionFactoryInitiator    : HHH000026: Second-level cache disabled
2024-12-31T10:35:58.583+05:30  INFO 15156 --- [main] o.s.o.j.p.SpringPersistenceUnitInfo      : No LoadTimeWeaver setup: ignoring JPA class transformer
2024-12-31T10:35:58.607+05:30  INFO 15156 --- [main] com.zaxxer.hikari.HikariDataSource       : HikariPool-1 - Starting...
2024-12-31T10:35:58.932+05:30  INFO 15156 --- [main] com.zaxxer.hikari.pool.HikariPool        : HikariPool-1 - Added connection com.mysql.cj.jdbc.ConnectionImpl@5458c71e
2024-12-31T10:35:58.934+05:30  INFO 15156 --- [main] com.zaxxer.hikari.HikariDataSource       : HikariPool-1 - Start completed.
2024-12-31T10:35:59.013+05:30  INFO 15156 --- [main] org.hibernate.orm.connections.pooling    : HHH10001005: Database info:
	Database JDBC URL [Connecting through datasource 'HikariDataSource (HikariPool-1)']
	Database driver: undefined/unknown
	Database version: 8.0.34
	Autocommit mode: undefined/unknown
	Isolation level: undefined/unknown
	Minimum pool size: undefined/unknown
	Maximum pool size: undefined/unknown
2024-12-31T10:35:59.789+05:30  INFO 15156 --- [main] o.h.e.t.j.p.i.JtaPlatformInitiator       : HHH000489: No JTA platform available (set 'hibernate.transaction.jta.platform' to enable JTA platform integration)
2024-12-31T10:35:59.967+05:30  INFO 15156 --- [main] j.LocalContainerEntityManagerFactoryBean : Initialized JPA EntityManagerFactory for persistence unit 'default'
2024-12-31T10:36:00.268+05:30  INFO 15156 --- [main] com.capgemini.cms.Application            : Started Application in 3.162 seconds (process running for 3.837)
2024-12-31T10:36:00.340+05:30  INFO 15156 --- [main] .s.b.a.l.ConditionEvaluationReportLogger : 

Error starting ApplicationContext. To display the condition evaluation report re-run your application with 'debug' enabled.
2024-12-31T10:36:00.361+05:30 ERROR 15156 --- [main] o.s.boot.SpringApplication               : Application run failed

org.springframework.dao.InvalidDataAccessApiUsageException: org.hibernate.TransientObjectException: persistent instance references an unsaved transient instance of 'com.capgemini.cms.entities.Course' (save the transient instance before flushing)
	at org.springframework.orm.jpa.EntityManagerFactoryUtils.convertJpaAccessExceptionIfPossible(EntityManagerFactoryUtils.java:368) ~[spring-orm-6.2.1.jar:6.2.1]
	at org.springframework.orm.jpa.vendor.HibernateJpaDialect.translateExceptionIfPossible(HibernateJpaDialect.java:246) ~[spring-orm-6.2.1.jar:6.2.1]
	at org.springframework.orm.jpa.JpaTransactionManager.doCommit(JpaTransactionManager.java:566) ~[spring-orm-6.2.1.jar:6.2.1]
	at org.springframework.transaction.support.AbstractPlatformTransactionManager.processCommit(AbstractPlatformTransactionManager.java:795) ~[spring-tx-6.2.1.jar:6.2.1]
	at org.springframework.transaction.support.AbstractPlatformTransactionManager.commit(AbstractPlatformTransactionManager.java:758) ~[spring-tx-6.2.1.jar:6.2.1]
	at org.springframework.transaction.interceptor.TransactionAspectSupport.commitTransactionAfterReturning(TransactionAspectSupport.java:698) ~[spring-tx-6.2.1.jar:6.2.1]
	at org.springframework.transaction.interceptor.TransactionAspectSupport.invokeWithinTransaction(TransactionAspectSupport.java:416) ~[spring-tx-6.2.1.jar:6.2.1]
	at org.springframework.transaction.interceptor.TransactionInterceptor.invoke(TransactionInterceptor.java:119) ~[spring-tx-6.2.1.jar:6.2.1]
	at org.springframework.aop.framework.ReflectiveMethodInvocation.proceed(ReflectiveMethodInvocation.java:184) ~[spring-aop-6.2.1.jar:6.2.1]
	at org.springframework.dao.support.PersistenceExceptionTranslationInterceptor.invoke(PersistenceExceptionTranslationInterceptor.java:138) ~[spring-tx-6.2.1.jar:6.2.1]
	at org.springframework.aop.framework.ReflectiveMethodInvocation.proceed(ReflectiveMethodInvocation.java:184) ~[spring-aop-6.2.1.jar:6.2.1]
	at org.springframework.data.jpa.repository.support.CrudMethodMetadataPostProcessor$CrudMethodMetadataPopulatingMethodInterceptor.invoke(CrudMethodMetadataPostProcessor.java:165) ~[spring-data-jpa-3.4.1.jar:3.4.1]
	at org.springframework.aop.framework.ReflectiveMethodInvocation.proceed(ReflectiveMethodInvocation.java:184) ~[spring-aop-6.2.1.jar:6.2.1]
	at org.springframework.aop.framework.JdkDynamicAopProxy.invoke(JdkDynamicAopProxy.java:223) ~[spring-aop-6.2.1.jar:6.2.1]
	at jdk.proxy2/jdk.proxy2.$Proxy99.save(Unknown Source) ~[na:na]
	at com.capgemini.cms.service.impl.StudentServiceImpl.saveStudent(StudentServiceImpl.java:38) ~[classes/:na]
	at com.capgemini.cms.Application.run(Application.java:43) ~[classes/:na]
	at org.springframework.boot.SpringApplication.lambda$callRunner$5(SpringApplication.java:788) ~[spring-boot-3.4.1.jar:3.4.1]
	at org.springframework.util.function.ThrowingConsumer$1.acceptWithException(ThrowingConsumer.java:82) ~[spring-core-6.2.1.jar:6.2.1]
	at org.springframework.util.function.ThrowingConsumer.accept(ThrowingConsumer.java:60) ~[spring-core-6.2.1.jar:6.2.1]
	at org.springframework.util.function.ThrowingConsumer$1.accept(ThrowingConsumer.java:86) ~[spring-core-6.2.1.jar:6.2.1]
	at org.springframework.boot.SpringApplication.callRunner(SpringApplication.java:796) ~[spring-boot-3.4.1.jar:3.4.1]
	at org.springframework.boot.SpringApplication.callRunner(SpringApplication.java:787) ~[spring-boot-3.4.1.jar:3.4.1]
	at org.springframework.boot.SpringApplication.lambda$callRunners$3(SpringApplication.java:772) ~[spring-boot-3.4.1.jar:3.4.1]
	at java.base/java.util.stream.ForEachOps$ForEachOp$OfRef.accept(ForEachOps.java:184) ~[na:na]
	at java.base/java.util.stream.SortedOps$SizedRefSortingSink.end(SortedOps.java:357) ~[na:na]
	at java.base/java.util.stream.AbstractPipeline.copyInto(AbstractPipeline.java:510) ~[na:na]
	at java.base/java.util.stream.AbstractPipeline.wrapAndCopyInto(AbstractPipeline.java:499) ~[na:na]
	at java.base/java.util.stream.ForEachOps$ForEachOp.evaluateSequential(ForEachOps.java:151) ~[na:na]
	at java.base/java.util.stream.ForEachOps$ForEachOp$OfRef.evaluateSequential(ForEachOps.java:174) ~[na:na]
	at java.base/java.util.stream.AbstractPipeline.evaluate(AbstractPipeline.java:234) ~[na:na]
	at java.base/java.util.stream.ReferencePipeline.forEach(ReferencePipeline.java:596) ~[na:na]
	at org.springframework.boot.SpringApplication.callRunners(SpringApplication.java:772) ~[spring-boot-3.4.1.jar:3.4.1]
	at org.springframework.boot.SpringApplication.run(SpringApplication.java:325) ~[spring-boot-3.4.1.jar:3.4.1]
	at org.springframework.boot.SpringApplication.run(SpringApplication.java:1361) ~[spring-boot-3.4.1.jar:3.4.1]
	at org.springframework.boot.SpringApplication.run(SpringApplication.java:1350) ~[spring-boot-3.4.1.jar:3.4.1]
	at com.capgemini.cms.Application.main(Application.java:27) ~[classes/:na]
Caused by: java.lang.IllegalStateException: org.hibernate.TransientObjectException: persistent instance references an unsaved transient instance of 'com.capgemini.cms.entities.Course' (save the transient instance before flushing)
	at org.hibernate.internal.ExceptionConverterImpl.convert(ExceptionConverterImpl.java:157) ~[hibernate-core-6.6.4.Final.jar:6.6.4.Final]
	at org.hibernate.internal.ExceptionConverterImpl.convert(ExceptionConverterImpl.java:167) ~[hibernate-core-6.6.4.Final.jar:6.6.4.Final]
	at org.hibernate.internal.ExceptionConverterImpl.convert(ExceptionConverterImpl.java:173) ~[hibernate-core-6.6.4.Final.jar:6.6.4.Final]
	at org.hibernate.internal.SessionImpl.doFlush(SessionImpl.java:1433) ~[hibernate-core-6.6.4.Final.jar:6.6.4.Final]
	at org.hibernate.internal.SessionImpl.managedFlush(SessionImpl.java:491) ~[hibernate-core-6.6.4.Final.jar:6.6.4.Final]
	at org.hibernate.internal.SessionImpl.flushBeforeTransactionCompletion(SessionImpl.java:2354) ~[hibernate-core-6.6.4.Final.jar:6.6.4.Final]
	at org.hibernate.internal.SessionImpl.beforeTransactionCompletion(SessionImpl.java:1978) ~[hibernate-core-6.6.4.Final.jar:6.6.4.Final]
	at org.hibernate.engine.jdbc.internal.JdbcCoordinatorImpl.beforeTransactionCompletion(JdbcCoordinatorImpl.java:439) ~[hibernate-core-6.6.4.Final.jar:6.6.4.Final]
	at org.hibernate.resource.transaction.backend.jdbc.internal.JdbcResourceLocalTransactionCoordinatorImpl.beforeCompletionCallback(JdbcResourceLocalTransactionCoordinatorImpl.java:169) ~[hibernate-core-6.6.4.Final.jar:6.6.4.Final]
	at org.hibernate.resource.transaction.backend.jdbc.internal.JdbcResourceLocalTransactionCoordinatorImpl$TransactionDriverControlImpl.commit(JdbcResourceLocalTransactionCoordinatorImpl.java:267) ~[hibernate-core-6.6.4.Final.jar:6.6.4.Final]
	at org.hibernate.engine.transaction.internal.TransactionImpl.commit(TransactionImpl.java:101) ~[hibernate-core-6.6.4.Final.jar:6.6.4.Final]
	at org.springframework.orm.jpa.JpaTransactionManager.doCommit(JpaTransactionManager.java:562) ~[spring-orm-6.2.1.jar:6.2.1]
	... 34 common frames omitted
Caused by: org.hibernate.TransientObjectException: persistent instance references an unsaved transient instance of 'com.capgemini.cms.entities.Course' (save the transient instance before flushing)
	at org.hibernate.engine.spi.CascadingActions$9.cascade(CascadingActions.java:382) ~[hibernate-core-6.6.4.Final.jar:6.6.4.Final]
	at org.hibernate.engine.spi.CascadingActions$9.cascade(CascadingActions.java:372) ~[hibernate-core-6.6.4.Final.jar:6.6.4.Final]
	at org.hibernate.engine.internal.Cascade.cascadeToOne(Cascade.java:570) ~[hibernate-core-6.6.4.Final.jar:6.6.4.Final]
	at org.hibernate.engine.internal.Cascade.cascadeAssociation(Cascade.java:492) ~[hibernate-core-6.6.4.Final.jar:6.6.4.Final]
	at org.hibernate.engine.internal.Cascade.cascadeProperty(Cascade.java:253) ~[hibernate-core-6.6.4.Final.jar:6.6.4.Final]
	at org.hibernate.engine.internal.Cascade.cascadeCollectionElements(Cascade.java:604) ~[hibernate-core-6.6.4.Final.jar:6.6.4.Final]
	at org.hibernate.engine.internal.Cascade.cascadeCollection(Cascade.java:534) ~[hibernate-core-6.6.4.Final.jar:6.6.4.Final]
	at org.hibernate.engine.internal.Cascade.cascadeAssociation(Cascade.java:495) ~[hibernate-core-6.6.4.Final.jar:6.6.4.Final]
	at org.hibernate.engine.internal.Cascade.cascadeProperty(Cascade.java:253) ~[hibernate-core-6.6.4.Final.jar:6.6.4.Final]
	at org.hibernate.engine.internal.Cascade.cascade(Cascade.java:192) ~[hibernate-core-6.6.4.Final.jar:6.6.4.Final]
	at org.hibernate.event.internal.AbstractFlushingEventListener.prepareEntityFlushes(AbstractFlushingEventListener.java:169) ~[hibernate-core-6.6.4.Final.jar:6.6.4.Final]
	at org.hibernate.event.internal.AbstractFlushingEventListener.preFlush(AbstractFlushingEventListener.java:107) ~[hibernate-core-6.6.4.Final.jar:6.6.4.Final]
	at org.hibernate.event.internal.AbstractFlushingEventListener.flushEverythingToExecutions(AbstractFlushingEventListener.java:82) ~[hibernate-core-6.6.4.Final.jar:6.6.4.Final]
	at org.hibernate.event.internal.DefaultFlushEventListener.onFlush(DefaultFlushEventListener.java:40) ~[hibernate-core-6.6.4.Final.jar:6.6.4.Final]
	at org.hibernate.event.service.internal.EventListenerGroupImpl.fireEventOnEachListener(EventListenerGroupImpl.java:127) ~[hibernate-core-6.6.4.Final.jar:6.6.4.Final]
	at org.hibernate.internal.SessionImpl.doFlush(SessionImpl.java:1429) ~[hibernate-core-6.6.4.Final.jar:6.6.4.Final]
	... 42 common frames omitted

2024-12-31T10:36:00.369+05:30  INFO 15156 --- [main] j.LocalContainerEntityManagerFactoryBean : Closing JPA EntityManagerFactory for persistence unit 'default'
2024-12-31T10:36:00.371+05:30  INFO 15156 --- [main] com.zaxxer.hikari.HikariDataSource       : HikariPool-1 - Shutdown initiated...
2024-12-31T10:36:00.382+05:30  INFO 15156 --- [main] com.zaxxer.hikari.HikariDataSource       : HikariPool-1 - Shutdown completed.
2024-12-31T10:37:48.836+05:30  INFO 10816 --- [main] com.capgemini.cms.Application            : Starting Application using Java 21.0.3 with PID 10816 (C:\capgemini\spring\boot\rest\17.sb_many_to_many\target\classes started by Sunil Joseph in C:\capgemini\spring\boot\rest\17.sb_many_to_many)
2024-12-31T10:37:48.838+05:30  INFO 10816 --- [main] com.capgemini.cms.Application            : No active profile set, falling back to 1 default profile: "default"
2024-12-31T10:37:49.211+05:30  INFO 10816 --- [main] .s.d.r.c.RepositoryConfigurationDelegate : Bootstrapping Spring Data JPA repositories in DEFAULT mode.
2024-12-31T10:37:49.265+05:30  INFO 10816 --- [main] .s.d.r.c.RepositoryConfigurationDelegate : Finished Spring Data repository scanning in 43 ms. Found 2 JPA repository interfaces.
2024-12-31T10:37:49.550+05:30  INFO 10816 --- [main] o.hibernate.jpa.internal.util.LogHelper  : HHH000204: Processing PersistenceUnitInfo [name: default]
2024-12-31T10:37:49.591+05:30  INFO 10816 --- [main] org.hibernate.Version                    : HHH000412: Hibernate ORM core version 6.6.4.Final
2024-12-31T10:37:49.621+05:30  INFO 10816 --- [main] o.h.c.internal.RegionFactoryInitiator    : HHH000026: Second-level cache disabled
2024-12-31T10:37:49.860+05:30  INFO 10816 --- [main] o.s.o.j.p.SpringPersistenceUnitInfo      : No LoadTimeWeaver setup: ignoring JPA class transformer
2024-12-31T10:37:49.890+05:30  INFO 10816 --- [main] com.zaxxer.hikari.HikariDataSource       : HikariPool-1 - Starting...
2024-12-31T10:37:50.216+05:30  INFO 10816 --- [main] com.zaxxer.hikari.pool.HikariPool        : HikariPool-1 - Added connection com.mysql.cj.jdbc.ConnectionImpl@2296127
2024-12-31T10:37:50.218+05:30  INFO 10816 --- [main] com.zaxxer.hikari.HikariDataSource       : HikariPool-1 - Start completed.
2024-12-31T10:37:50.289+05:30  INFO 10816 --- [main] org.hibernate.orm.connections.pooling    : HHH10001005: Database info:
	Database JDBC URL [Connecting through datasource 'HikariDataSource (HikariPool-1)']
	Database driver: undefined/unknown
	Database version: 8.0.34
	Autocommit mode: undefined/unknown
	Isolation level: undefined/unknown
	Minimum pool size: undefined/unknown
	Maximum pool size: undefined/unknown
2024-12-31T10:37:51.054+05:30  INFO 10816 --- [main] o.h.e.t.j.p.i.JtaPlatformInitiator       : HHH000489: No JTA platform available (set 'hibernate.transaction.jta.platform' to enable JTA platform integration)
2024-12-31T10:37:51.134+05:30  INFO 10816 --- [main] j.LocalContainerEntityManagerFactoryBean : Initialized JPA EntityManagerFactory for persistence unit 'default'
2024-12-31T10:37:51.427+05:30  INFO 10816 --- [main] com.capgemini.cms.Application            : Started Application in 2.986 seconds (process running for 3.666)
2024-12-31T10:37:51.509+05:30  INFO 10816 --- [main] c.c.cms.service.impl.StudentServiceImpl  : Student saved successfully
2024-12-31T10:37:51.514+05:30  INFO 10816 --- [SpringApplicationShutdownHook] j.LocalContainerEntityManagerFactoryBean : Closing JPA EntityManagerFactory for persistence unit 'default'
2024-12-31T10:37:51.516+05:30  INFO 10816 --- [SpringApplicationShutdownHook] com.zaxxer.hikari.HikariDataSource       : HikariPool-1 - Shutdown initiated...
2024-12-31T10:37:51.525+05:30  INFO 10816 --- [SpringApplicationShutdownHook] com.zaxxer.hikari.HikariDataSource       : HikariPool-1 - Shutdown completed.
2024-12-31T10:38:26.649+05:30  INFO 12404 --- [main] com.capgemini.cms.Application            : Starting Application using Java 21.0.3 with PID 12404 (C:\capgemini\spring\boot\rest\17.sb_many_to_many\target\classes started by Sunil Joseph in C:\capgemini\spring\boot\rest\17.sb_many_to_many)
2024-12-31T10:38:26.652+05:30  INFO 12404 --- [main] com.capgemini.cms.Application            : No active profile set, falling back to 1 default profile: "default"
2024-12-31T10:38:27.026+05:30  INFO 12404 --- [main] .s.d.r.c.RepositoryConfigurationDelegate : Bootstrapping Spring Data JPA repositories in DEFAULT mode.
2024-12-31T10:38:27.085+05:30  INFO 12404 --- [main] .s.d.r.c.RepositoryConfigurationDelegate : Finished Spring Data repository scanning in 50 ms. Found 2 JPA repository interfaces.
2024-12-31T10:38:27.388+05:30  INFO 12404 --- [main] o.hibernate.jpa.internal.util.LogHelper  : HHH000204: Processing PersistenceUnitInfo [name: default]
2024-12-31T10:38:27.432+05:30  INFO 12404 --- [main] org.hibernate.Version                    : HHH000412: Hibernate ORM core version 6.6.4.Final
2024-12-31T10:38:27.465+05:30  INFO 12404 --- [main] o.h.c.internal.RegionFactoryInitiator    : HHH000026: Second-level cache disabled
2024-12-31T10:38:27.703+05:30  INFO 12404 --- [main] o.s.o.j.p.SpringPersistenceUnitInfo      : No LoadTimeWeaver setup: ignoring JPA class transformer
2024-12-31T10:38:27.732+05:30  INFO 12404 --- [main] com.zaxxer.hikari.HikariDataSource       : HikariPool-1 - Starting...
2024-12-31T10:38:28.061+05:30  INFO 12404 --- [main] com.zaxxer.hikari.pool.HikariPool        : HikariPool-1 - Added connection com.mysql.cj.jdbc.ConnectionImpl@2296127
2024-12-31T10:38:28.063+05:30  INFO 12404 --- [main] com.zaxxer.hikari.HikariDataSource       : HikariPool-1 - Start completed.
2024-12-31T10:38:28.135+05:30  INFO 12404 --- [main] org.hibernate.orm.connections.pooling    : HHH10001005: Database info:
	Database JDBC URL [Connecting through datasource 'HikariDataSource (HikariPool-1)']
	Database driver: undefined/unknown
	Database version: 8.0.34
	Autocommit mode: undefined/unknown
	Isolation level: undefined/unknown
	Minimum pool size: undefined/unknown
	Maximum pool size: undefined/unknown
2024-12-31T10:38:28.906+05:30  INFO 12404 --- [main] o.h.e.t.j.p.i.JtaPlatformInitiator       : HHH000489: No JTA platform available (set 'hibernate.transaction.jta.platform' to enable JTA platform integration)
2024-12-31T10:38:29.086+05:30  INFO 12404 --- [main] j.LocalContainerEntityManagerFactoryBean : Initialized JPA EntityManagerFactory for persistence unit 'default'
2024-12-31T10:38:29.373+05:30  INFO 12404 --- [main] com.capgemini.cms.Application            : Started Application in 3.11 seconds (process running for 3.789)
2024-12-31T10:38:29.467+05:30  INFO 12404 --- [main] c.c.cms.service.impl.StudentServiceImpl  : Student saved successfully
2024-12-31T10:38:29.472+05:30  INFO 12404 --- [SpringApplicationShutdownHook] j.LocalContainerEntityManagerFactoryBean : Closing JPA EntityManagerFactory for persistence unit 'default'
2024-12-31T10:38:29.474+05:30  INFO 12404 --- [SpringApplicationShutdownHook] com.zaxxer.hikari.HikariDataSource       : HikariPool-1 - Shutdown initiated...
2024-12-31T10:38:29.485+05:30  INFO 12404 --- [SpringApplicationShutdownHook] com.zaxxer.hikari.HikariDataSource       : HikariPool-1 - Shutdown completed.
2024-12-31T10:39:14.704+05:30  INFO 26192 --- [main] com.capgemini.cms.Application            : Starting Application using Java 21.0.3 with PID 26192 (C:\capgemini\spring\boot\rest\17.sb_many_to_many\target\classes started by Sunil Joseph in C:\capgemini\spring\boot\rest\17.sb_many_to_many)
2024-12-31T10:39:14.707+05:30  INFO 26192 --- [main] com.capgemini.cms.Application            : No active profile set, falling back to 1 default profile: "default"
2024-12-31T10:39:15.070+05:30  INFO 26192 --- [main] .s.d.r.c.RepositoryConfigurationDelegate : Bootstrapping Spring Data JPA repositories in DEFAULT mode.
2024-12-31T10:39:15.131+05:30  INFO 26192 --- [main] .s.d.r.c.RepositoryConfigurationDelegate : Finished Spring Data repository scanning in 53 ms. Found 2 JPA repository interfaces.
2024-12-31T10:39:15.414+05:30  INFO 26192 --- [main] o.hibernate.jpa.internal.util.LogHelper  : HHH000204: Processing PersistenceUnitInfo [name: default]
2024-12-31T10:39:15.459+05:30  INFO 26192 --- [main] org.hibernate.Version                    : HHH000412: Hibernate ORM core version 6.6.4.Final
2024-12-31T10:39:15.490+05:30  INFO 26192 --- [main] o.h.c.internal.RegionFactoryInitiator    : HHH000026: Second-level cache disabled
2024-12-31T10:39:15.726+05:30  INFO 26192 --- [main] o.s.o.j.p.SpringPersistenceUnitInfo      : No LoadTimeWeaver setup: ignoring JPA class transformer
2024-12-31T10:39:15.753+05:30  INFO 26192 --- [main] com.zaxxer.hikari.HikariDataSource       : HikariPool-1 - Starting...
2024-12-31T10:39:16.085+05:30  INFO 26192 --- [main] com.zaxxer.hikari.pool.HikariPool        : HikariPool-1 - Added connection com.mysql.cj.jdbc.ConnectionImpl@2296127
2024-12-31T10:39:16.088+05:30  INFO 26192 --- [main] com.zaxxer.hikari.HikariDataSource       : HikariPool-1 - Start completed.
2024-12-31T10:39:16.162+05:30  INFO 26192 --- [main] org.hibernate.orm.connections.pooling    : HHH10001005: Database info:
	Database JDBC URL [Connecting through datasource 'HikariDataSource (HikariPool-1)']
	Database driver: undefined/unknown
	Database version: 8.0.34
	Autocommit mode: undefined/unknown
	Isolation level: undefined/unknown
	Minimum pool size: undefined/unknown
	Maximum pool size: undefined/unknown
2024-12-31T10:39:16.930+05:30  INFO 26192 --- [main] o.h.e.t.j.p.i.JtaPlatformInitiator       : HHH000489: No JTA platform available (set 'hibernate.transaction.jta.platform' to enable JTA platform integration)
2024-12-31T10:39:17.007+05:30  INFO 26192 --- [main] j.LocalContainerEntityManagerFactoryBean : Initialized JPA EntityManagerFactory for persistence unit 'default'
2024-12-31T10:39:17.307+05:30  INFO 26192 --- [main] com.capgemini.cms.Application            : Started Application in 3.007 seconds (process running for 3.669)
2024-12-31T10:39:17.390+05:30  INFO 26192 --- [main] c.c.cms.service.impl.StudentServiceImpl  : Student(studentId=1, studentName=Pavithra Kumar, course=[Course(courseId=1, courseName=React JS)])
2024-12-31T10:39:17.394+05:30  INFO 26192 --- [SpringApplicationShutdownHook] j.LocalContainerEntityManagerFactoryBean : Closing JPA EntityManagerFactory for persistence unit 'default'
2024-12-31T10:39:17.396+05:30  INFO 26192 --- [SpringApplicationShutdownHook] com.zaxxer.hikari.HikariDataSource       : HikariPool-1 - Shutdown initiated...
2024-12-31T10:39:17.405+05:30  INFO 26192 --- [SpringApplicationShutdownHook] com.zaxxer.hikari.HikariDataSource       : HikariPool-1 - Shutdown completed.
2024-12-31T10:40:39.535+05:30  INFO 22296 --- [main] com.capgemini.cms.Application            : Starting Application using Java 21.0.3 with PID 22296 (C:\capgemini\spring\boot\rest\17.sb_many_to_many\target\classes started by Sunil Joseph in C:\capgemini\spring\boot\rest\17.sb_many_to_many)
2024-12-31T10:40:39.537+05:30  INFO 22296 --- [main] com.capgemini.cms.Application            : No active profile set, falling back to 1 default profile: "default"
2024-12-31T10:40:39.925+05:30  INFO 22296 --- [main] .s.d.r.c.RepositoryConfigurationDelegate : Bootstrapping Spring Data JPA repositories in DEFAULT mode.
2024-12-31T10:40:39.974+05:30  INFO 22296 --- [main] .s.d.r.c.RepositoryConfigurationDelegate : Finished Spring Data repository scanning in 40 ms. Found 2 JPA repository interfaces.
2024-12-31T10:40:40.260+05:30  INFO 22296 --- [main] o.hibernate.jpa.internal.util.LogHelper  : HHH000204: Processing PersistenceUnitInfo [name: default]
2024-12-31T10:40:40.309+05:30  INFO 22296 --- [main] org.hibernate.Version                    : HHH000412: Hibernate ORM core version 6.6.4.Final
2024-12-31T10:40:40.340+05:30  INFO 22296 --- [main] o.h.c.internal.RegionFactoryInitiator    : HHH000026: Second-level cache disabled
2024-12-31T10:40:40.577+05:30  INFO 22296 --- [main] o.s.o.j.p.SpringPersistenceUnitInfo      : No LoadTimeWeaver setup: ignoring JPA class transformer
2024-12-31T10:40:40.608+05:30  INFO 22296 --- [main] com.zaxxer.hikari.HikariDataSource       : HikariPool-1 - Starting...
2024-12-31T10:40:40.934+05:30  INFO 22296 --- [main] com.zaxxer.hikari.pool.HikariPool        : HikariPool-1 - Added connection com.mysql.cj.jdbc.ConnectionImpl@658e7ead
2024-12-31T10:40:40.936+05:30  INFO 22296 --- [main] com.zaxxer.hikari.HikariDataSource       : HikariPool-1 - Start completed.
2024-12-31T10:40:41.013+05:30  INFO 22296 --- [main] org.hibernate.orm.connections.pooling    : HHH10001005: Database info:
	Database JDBC URL [Connecting through datasource 'HikariDataSource (HikariPool-1)']
	Database driver: undefined/unknown
	Database version: 8.0.34
	Autocommit mode: undefined/unknown
	Isolation level: undefined/unknown
	Minimum pool size: undefined/unknown
	Maximum pool size: undefined/unknown
2024-12-31T10:40:41.776+05:30  INFO 22296 --- [main] o.h.e.t.j.p.i.JtaPlatformInitiator       : HHH000489: No JTA platform available (set 'hibernate.transaction.jta.platform' to enable JTA platform integration)
2024-12-31T10:40:41.833+05:30  INFO 22296 --- [main] j.LocalContainerEntityManagerFactoryBean : Initialized JPA EntityManagerFactory for persistence unit 'default'
2024-12-31T10:40:42.107+05:30  INFO 22296 --- [main] com.capgemini.cms.Application            : Started Application in 2.951 seconds (process running for 3.577)
2024-12-31T10:40:42.241+05:30  INFO 22296 --- [SpringApplicationShutdownHook] j.LocalContainerEntityManagerFactoryBean : Closing JPA EntityManagerFactory for persistence unit 'default'
2024-12-31T10:40:42.244+05:30  INFO 22296 --- [SpringApplicationShutdownHook] com.zaxxer.hikari.HikariDataSource       : HikariPool-1 - Shutdown initiated...
2024-12-31T10:40:42.254+05:30  INFO 22296 --- [SpringApplicationShutdownHook] com.zaxxer.hikari.HikariDataSource       : HikariPool-1 - Shutdown completed.
2024-12-31T10:41:51.207+05:30  INFO 10744 --- [main] com.capgemini.cms.Application            : Starting Application using Java 21.0.3 with PID 10744 (C:\capgemini\spring\boot\rest\17.sb_many_to_many\target\classes started by Sunil Joseph in C:\capgemini\spring\boot\rest\17.sb_many_to_many)
2024-12-31T10:41:51.209+05:30  INFO 10744 --- [main] com.capgemini.cms.Application            : No active profile set, falling back to 1 default profile: "default"
2024-12-31T10:41:51.602+05:30  INFO 10744 --- [main] .s.d.r.c.RepositoryConfigurationDelegate : Bootstrapping Spring Data JPA repositories in DEFAULT mode.
2024-12-31T10:41:51.665+05:30  INFO 10744 --- [main] .s.d.r.c.RepositoryConfigurationDelegate : Finished Spring Data repository scanning in 55 ms. Found 2 JPA repository interfaces.
2024-12-31T10:41:51.953+05:30  INFO 10744 --- [main] o.hibernate.jpa.internal.util.LogHelper  : HHH000204: Processing PersistenceUnitInfo [name: default]
2024-12-31T10:41:52.002+05:30  INFO 10744 --- [main] org.hibernate.Version                    : HHH000412: Hibernate ORM core version 6.6.4.Final
2024-12-31T10:41:52.033+05:30  INFO 10744 --- [main] o.h.c.internal.RegionFactoryInitiator    : HHH000026: Second-level cache disabled
2024-12-31T10:41:52.275+05:30  INFO 10744 --- [main] o.s.o.j.p.SpringPersistenceUnitInfo      : No LoadTimeWeaver setup: ignoring JPA class transformer
2024-12-31T10:41:52.303+05:30  INFO 10744 --- [main] com.zaxxer.hikari.HikariDataSource       : HikariPool-1 - Starting...
2024-12-31T10:41:52.657+05:30  INFO 10744 --- [main] com.zaxxer.hikari.pool.HikariPool        : HikariPool-1 - Added connection com.mysql.cj.jdbc.ConnectionImpl@60dcf9ec
2024-12-31T10:41:52.659+05:30  INFO 10744 --- [main] com.zaxxer.hikari.HikariDataSource       : HikariPool-1 - Start completed.
2024-12-31T10:41:52.746+05:30  INFO 10744 --- [main] org.hibernate.orm.connections.pooling    : HHH10001005: Database info:
	Database JDBC URL [Connecting through datasource 'HikariDataSource (HikariPool-1)']
	Database driver: undefined/unknown
	Database version: 8.0.34
	Autocommit mode: undefined/unknown
	Isolation level: undefined/unknown
	Minimum pool size: undefined/unknown
	Maximum pool size: undefined/unknown
2024-12-31T10:41:53.512+05:30  INFO 10744 --- [main] o.h.e.t.j.p.i.JtaPlatformInitiator       : HHH000489: No JTA platform available (set 'hibernate.transaction.jta.platform' to enable JTA platform integration)
2024-12-31T10:41:53.581+05:30  INFO 10744 --- [main] j.LocalContainerEntityManagerFactoryBean : Initialized JPA EntityManagerFactory for persistence unit 'default'
2024-12-31T10:41:53.859+05:30  INFO 10744 --- [main] com.capgemini.cms.Application            : Started Application in 3.052 seconds (process running for 3.71)
2024-12-31T10:41:53.934+05:30  INFO 10744 --- [main] c.c.cms.service.impl.StudentServiceImpl  : Student(studentId=1, studentName=Pavithra Kumar, course=[Course(courseId=1, courseName=React JS), Course(courseId=2, courseName=Microsoft .NET)])
2024-12-31T10:41:53.938+05:30  INFO 10744 --- [SpringApplicationShutdownHook] j.LocalContainerEntityManagerFactoryBean : Closing JPA EntityManagerFactory for persistence unit 'default'
2024-12-31T10:41:53.940+05:30  INFO 10744 --- [SpringApplicationShutdownHook] com.zaxxer.hikari.HikariDataSource       : HikariPool-1 - Shutdown initiated...
2024-12-31T10:41:53.953+05:30  INFO 10744 --- [SpringApplicationShutdownHook] com.zaxxer.hikari.HikariDataSource       : HikariPool-1 - Shutdown completed.
2024-12-31T10:42:35.999+05:30  INFO 21848 --- [main] com.capgemini.cms.Application            : Starting Application using Java 21.0.3 with PID 21848 (C:\capgemini\spring\boot\rest\17.sb_many_to_many\target\classes started by Sunil Joseph in C:\capgemini\spring\boot\rest\17.sb_many_to_many)
2024-12-31T10:42:36.001+05:30  INFO 21848 --- [main] com.capgemini.cms.Application            : No active profile set, falling back to 1 default profile: "default"
2024-12-31T10:42:36.381+05:30  INFO 21848 --- [main] .s.d.r.c.RepositoryConfigurationDelegate : Bootstrapping Spring Data JPA repositories in DEFAULT mode.
2024-12-31T10:42:36.444+05:30  INFO 21848 --- [main] .s.d.r.c.RepositoryConfigurationDelegate : Finished Spring Data repository scanning in 53 ms. Found 2 JPA repository interfaces.
2024-12-31T10:42:36.716+05:30  INFO 21848 --- [main] o.hibernate.jpa.internal.util.LogHelper  : HHH000204: Processing PersistenceUnitInfo [name: default]
2024-12-31T10:42:36.760+05:30  INFO 21848 --- [main] org.hibernate.Version                    : HHH000412: Hibernate ORM core version 6.6.4.Final
2024-12-31T10:42:36.789+05:30  INFO 21848 --- [main] o.h.c.internal.RegionFactoryInitiator    : HHH000026: Second-level cache disabled
2024-12-31T10:42:37.023+05:30  INFO 21848 --- [main] o.s.o.j.p.SpringPersistenceUnitInfo      : No LoadTimeWeaver setup: ignoring JPA class transformer
2024-12-31T10:42:37.049+05:30  INFO 21848 --- [main] com.zaxxer.hikari.HikariDataSource       : HikariPool-1 - Starting...
2024-12-31T10:42:37.366+05:30  INFO 21848 --- [main] com.zaxxer.hikari.pool.HikariPool        : HikariPool-1 - Added connection com.mysql.cj.jdbc.ConnectionImpl@2296127
2024-12-31T10:42:37.368+05:30  INFO 21848 --- [main] com.zaxxer.hikari.HikariDataSource       : HikariPool-1 - Start completed.
2024-12-31T10:42:37.438+05:30  INFO 21848 --- [main] org.hibernate.orm.connections.pooling    : HHH10001005: Database info:
	Database JDBC URL [Connecting through datasource 'HikariDataSource (HikariPool-1)']
	Database driver: undefined/unknown
	Database version: 8.0.34
	Autocommit mode: undefined/unknown
	Isolation level: undefined/unknown
	Minimum pool size: undefined/unknown
	Maximum pool size: undefined/unknown
2024-12-31T10:42:38.206+05:30  INFO 21848 --- [main] o.h.e.t.j.p.i.JtaPlatformInitiator       : HHH000489: No JTA platform available (set 'hibernate.transaction.jta.platform' to enable JTA platform integration)
2024-12-31T10:42:38.266+05:30  INFO 21848 --- [main] j.LocalContainerEntityManagerFactoryBean : Initialized JPA EntityManagerFactory for persistence unit 'default'
2024-12-31T10:42:38.551+05:30  INFO 21848 --- [main] com.capgemini.cms.Application            : Started Application in 2.963 seconds (process running for 3.653)
2024-12-31T10:42:38.630+05:30  INFO 21848 --- [main] c.c.cms.service.impl.StudentServiceImpl  : Student(studentId=1, studentName=Pavithra Kumar, course=[])
2024-12-31T10:42:38.636+05:30  INFO 21848 --- [SpringApplicationShutdownHook] j.LocalContainerEntityManagerFactoryBean : Closing JPA EntityManagerFactory for persistence unit 'default'
2024-12-31T10:42:38.638+05:30  INFO 21848 --- [SpringApplicationShutdownHook] com.zaxxer.hikari.HikariDataSource       : HikariPool-1 - Shutdown initiated...
2024-12-31T10:42:38.649+05:30  INFO 21848 --- [SpringApplicationShutdownHook] com.zaxxer.hikari.HikariDataSource       : HikariPool-1 - Shutdown completed.
2024-12-31T10:43:07.288+05:30  INFO 27436 --- [main] com.capgemini.cms.Application            : Starting Application using Java 21.0.3 with PID 27436 (C:\capgemini\spring\boot\rest\17.sb_many_to_many\target\classes started by Sunil Joseph in C:\capgemini\spring\boot\rest\17.sb_many_to_many)
2024-12-31T10:43:07.290+05:30  INFO 27436 --- [main] com.capgemini.cms.Application            : No active profile set, falling back to 1 default profile: "default"
2024-12-31T10:43:07.661+05:30  INFO 27436 --- [main] .s.d.r.c.RepositoryConfigurationDelegate : Bootstrapping Spring Data JPA repositories in DEFAULT mode.
2024-12-31T10:43:07.723+05:30  INFO 27436 --- [main] .s.d.r.c.RepositoryConfigurationDelegate : Finished Spring Data repository scanning in 54 ms. Found 2 JPA repository interfaces.
2024-12-31T10:43:08.004+05:30  INFO 27436 --- [main] o.hibernate.jpa.internal.util.LogHelper  : HHH000204: Processing PersistenceUnitInfo [name: default]
2024-12-31T10:43:08.049+05:30  INFO 27436 --- [main] org.hibernate.Version                    : HHH000412: Hibernate ORM core version 6.6.4.Final
2024-12-31T10:43:08.080+05:30  INFO 27436 --- [main] o.h.c.internal.RegionFactoryInitiator    : HHH000026: Second-level cache disabled
2024-12-31T10:43:08.332+05:30  INFO 27436 --- [main] o.s.o.j.p.SpringPersistenceUnitInfo      : No LoadTimeWeaver setup: ignoring JPA class transformer
2024-12-31T10:43:08.360+05:30  INFO 27436 --- [main] com.zaxxer.hikari.HikariDataSource       : HikariPool-1 - Starting...
2024-12-31T10:43:08.687+05:30  INFO 27436 --- [main] com.zaxxer.hikari.pool.HikariPool        : HikariPool-1 - Added connection com.mysql.cj.jdbc.ConnectionImpl@6d7740f0
2024-12-31T10:43:08.689+05:30  INFO 27436 --- [main] com.zaxxer.hikari.HikariDataSource       : HikariPool-1 - Start completed.
2024-12-31T10:43:08.756+05:30  INFO 27436 --- [main] org.hibernate.orm.connections.pooling    : HHH10001005: Database info:
	Database JDBC URL [Connecting through datasource 'HikariDataSource (HikariPool-1)']
	Database driver: undefined/unknown
	Database version: 8.0.34
	Autocommit mode: undefined/unknown
	Isolation level: undefined/unknown
	Minimum pool size: undefined/unknown
	Maximum pool size: undefined/unknown
2024-12-31T10:43:09.541+05:30  INFO 27436 --- [main] o.h.e.t.j.p.i.JtaPlatformInitiator       : HHH000489: No JTA platform available (set 'hibernate.transaction.jta.platform' to enable JTA platform integration)
2024-12-31T10:43:09.608+05:30  INFO 27436 --- [main] j.LocalContainerEntityManagerFactoryBean : Initialized JPA EntityManagerFactory for persistence unit 'default'
2024-12-31T10:43:09.898+05:30  INFO 27436 --- [main] com.capgemini.cms.Application            : Started Application in 3.012 seconds (process running for 3.677)
2024-12-31T10:43:09.979+05:30  INFO 27436 --- [main] c.c.cms.service.impl.StudentServiceImpl  : Student(studentId=1, studentName=Pavithra Kumar, course=[])
2024-12-31T10:43:09.984+05:30  INFO 27436 --- [SpringApplicationShutdownHook] j.LocalContainerEntityManagerFactoryBean : Closing JPA EntityManagerFactory for persistence unit 'default'
2024-12-31T10:43:09.986+05:30  INFO 27436 --- [SpringApplicationShutdownHook] com.zaxxer.hikari.HikariDataSource       : HikariPool-1 - Shutdown initiated...
2024-12-31T10:43:09.996+05:30  INFO 27436 --- [SpringApplicationShutdownHook] com.zaxxer.hikari.HikariDataSource       : HikariPool-1 - Shutdown completed.
2024-12-31T10:43:23.248+05:30  INFO 25052 --- [main] com.capgemini.cms.Application            : Starting Application using Java 21.0.3 with PID 25052 (C:\capgemini\spring\boot\rest\17.sb_many_to_many\target\classes started by Sunil Joseph in C:\capgemini\spring\boot\rest\17.sb_many_to_many)
2024-12-31T10:43:23.250+05:30  INFO 25052 --- [main] com.capgemini.cms.Application            : No active profile set, falling back to 1 default profile: "default"
2024-12-31T10:43:23.622+05:30  INFO 25052 --- [main] .s.d.r.c.RepositoryConfigurationDelegate : Bootstrapping Spring Data JPA repositories in DEFAULT mode.
2024-12-31T10:43:23.684+05:30  INFO 25052 --- [main] .s.d.r.c.RepositoryConfigurationDelegate : Finished Spring Data repository scanning in 50 ms. Found 2 JPA repository interfaces.
2024-12-31T10:43:23.961+05:30  INFO 25052 --- [main] o.hibernate.jpa.internal.util.LogHelper  : HHH000204: Processing PersistenceUnitInfo [name: default]
2024-12-31T10:43:24.005+05:30  INFO 25052 --- [main] org.hibernate.Version                    : HHH000412: Hibernate ORM core version 6.6.4.Final
2024-12-31T10:43:24.037+05:30  INFO 25052 --- [main] o.h.c.internal.RegionFactoryInitiator    : HHH000026: Second-level cache disabled
2024-12-31T10:43:24.284+05:30  INFO 25052 --- [main] o.s.o.j.p.SpringPersistenceUnitInfo      : No LoadTimeWeaver setup: ignoring JPA class transformer
2024-12-31T10:43:24.309+05:30  INFO 25052 --- [main] com.zaxxer.hikari.HikariDataSource       : HikariPool-1 - Starting...
2024-12-31T10:43:24.638+05:30  INFO 25052 --- [main] com.zaxxer.hikari.pool.HikariPool        : HikariPool-1 - Added connection com.mysql.cj.jdbc.ConnectionImpl@658e7ead
2024-12-31T10:43:24.640+05:30  INFO 25052 --- [main] com.zaxxer.hikari.HikariDataSource       : HikariPool-1 - Start completed.
2024-12-31T10:43:24.711+05:30  INFO 25052 --- [main] org.hibernate.orm.connections.pooling    : HHH10001005: Database info:
	Database JDBC URL [Connecting through datasource 'HikariDataSource (HikariPool-1)']
	Database driver: undefined/unknown
	Database version: 8.0.34
	Autocommit mode: undefined/unknown
	Isolation level: undefined/unknown
	Minimum pool size: undefined/unknown
	Maximum pool size: undefined/unknown
2024-12-31T10:43:25.494+05:30  INFO 25052 --- [main] o.h.e.t.j.p.i.JtaPlatformInitiator       : HHH000489: No JTA platform available (set 'hibernate.transaction.jta.platform' to enable JTA platform integration)
2024-12-31T10:43:25.559+05:30  INFO 25052 --- [main] j.LocalContainerEntityManagerFactoryBean : Initialized JPA EntityManagerFactory for persistence unit 'default'
2024-12-31T10:43:25.843+05:30  INFO 25052 --- [main] com.capgemini.cms.Application            : Started Application in 2.994 seconds (process running for 3.661)
2024-12-31T10:43:25.920+05:30  INFO 25052 --- [main] c.c.cms.service.impl.StudentServiceImpl  : Student(studentId=1, studentName=Pavithra Kumar, course=[Course(courseId=1, courseName=React JS), Course(courseId=2, courseName=Microsoft .NET)])
2024-12-31T10:43:25.924+05:30  INFO 25052 --- [SpringApplicationShutdownHook] j.LocalContainerEntityManagerFactoryBean : Closing JPA EntityManagerFactory for persistence unit 'default'
2024-12-31T10:43:25.927+05:30  INFO 25052 --- [SpringApplicationShutdownHook] com.zaxxer.hikari.HikariDataSource       : HikariPool-1 - Shutdown initiated...
2024-12-31T10:43:25.937+05:30  INFO 25052 --- [SpringApplicationShutdownHook] com.zaxxer.hikari.HikariDataSource       : HikariPool-1 - Shutdown completed.
2024-12-31T10:44:48.880+05:30  INFO 12900 --- [main] com.capgemini.cms.Application            : Starting Application using Java 21.0.3 with PID 12900 (C:\capgemini\spring\boot\rest\17.sb_many_to_many\target\classes started by Sunil Joseph in C:\capgemini\spring\boot\rest\17.sb_many_to_many)
2024-12-31T10:44:48.882+05:30  INFO 12900 --- [main] com.capgemini.cms.Application            : No active profile set, falling back to 1 default profile: "default"
2024-12-31T10:44:49.253+05:30  INFO 12900 --- [main] .s.d.r.c.RepositoryConfigurationDelegate : Bootstrapping Spring Data JPA repositories in DEFAULT mode.
2024-12-31T10:44:49.308+05:30  INFO 12900 --- [main] .s.d.r.c.RepositoryConfigurationDelegate : Finished Spring Data repository scanning in 45 ms. Found 2 JPA repository interfaces.
2024-12-31T10:44:49.589+05:30  INFO 12900 --- [main] o.hibernate.jpa.internal.util.LogHelper  : HHH000204: Processing PersistenceUnitInfo [name: default]
2024-12-31T10:44:49.636+05:30  INFO 12900 --- [main] org.hibernate.Version                    : HHH000412: Hibernate ORM core version 6.6.4.Final
2024-12-31T10:44:49.670+05:30  INFO 12900 --- [main] o.h.c.internal.RegionFactoryInitiator    : HHH000026: Second-level cache disabled
2024-12-31T10:44:49.913+05:30  INFO 12900 --- [main] o.s.o.j.p.SpringPersistenceUnitInfo      : No LoadTimeWeaver setup: ignoring JPA class transformer
2024-12-31T10:44:49.941+05:30  INFO 12900 --- [main] com.zaxxer.hikari.HikariDataSource       : HikariPool-1 - Starting...
2024-12-31T10:44:50.264+05:30  INFO 12900 --- [main] com.zaxxer.hikari.pool.HikariPool        : HikariPool-1 - Added connection com.mysql.cj.jdbc.ConnectionImpl@26bb92e2
2024-12-31T10:44:50.266+05:30  INFO 12900 --- [main] com.zaxxer.hikari.HikariDataSource       : HikariPool-1 - Start completed.
2024-12-31T10:44:50.341+05:30  INFO 12900 --- [main] org.hibernate.orm.connections.pooling    : HHH10001005: Database info:
	Database JDBC URL [Connecting through datasource 'HikariDataSource (HikariPool-1)']
	Database driver: undefined/unknown
	Database version: 8.0.34
	Autocommit mode: undefined/unknown
	Isolation level: undefined/unknown
	Minimum pool size: undefined/unknown
	Maximum pool size: undefined/unknown
2024-12-31T10:44:51.134+05:30  INFO 12900 --- [main] o.h.e.t.j.p.i.JtaPlatformInitiator       : HHH000489: No JTA platform available (set 'hibernate.transaction.jta.platform' to enable JTA platform integration)
2024-12-31T10:44:51.192+05:30  INFO 12900 --- [main] j.LocalContainerEntityManagerFactoryBean : Initialized JPA EntityManagerFactory for persistence unit 'default'
2024-12-31T10:44:51.474+05:30  INFO 12900 --- [main] com.capgemini.cms.Application            : Started Application in 2.978 seconds (process running for 3.656)
2024-12-31T10:44:51.556+05:30  INFO 12900 --- [main] c.c.cms.service.impl.StudentServiceImpl  : Student(studentId=1, studentName=Pavithra Kumar, course=[])
2024-12-31T10:44:51.560+05:30  INFO 12900 --- [SpringApplicationShutdownHook] j.LocalContainerEntityManagerFactoryBean : Closing JPA EntityManagerFactory for persistence unit 'default'
2024-12-31T10:44:51.562+05:30  INFO 12900 --- [SpringApplicationShutdownHook] com.zaxxer.hikari.HikariDataSource       : HikariPool-1 - Shutdown initiated...
2024-12-31T10:44:51.572+05:30  INFO 12900 --- [SpringApplicationShutdownHook] com.zaxxer.hikari.HikariDataSource       : HikariPool-1 - Shutdown completed.
2024-12-31T10:50:48.077+05:30  INFO 12328 --- [main] com.capgemini.cms.Application            : Starting Application using Java 21.0.3 with PID 12328 (C:\capgemini\spring\boot\rest\17.sb_many_to_many\target\classes started by Sunil Joseph in C:\capgemini\spring\boot\rest\17.sb_many_to_many)
2024-12-31T10:50:48.079+05:30  INFO 12328 --- [main] com.capgemini.cms.Application            : No active profile set, falling back to 1 default profile: "default"
2024-12-31T10:50:48.452+05:30  INFO 12328 --- [main] .s.d.r.c.RepositoryConfigurationDelegate : Bootstrapping Spring Data JPA repositories in DEFAULT mode.
2024-12-31T10:50:48.508+05:30  INFO 12328 --- [main] .s.d.r.c.RepositoryConfigurationDelegate : Finished Spring Data repository scanning in 46 ms. Found 2 JPA repository interfaces.
2024-12-31T10:50:48.792+05:30  INFO 12328 --- [main] o.hibernate.jpa.internal.util.LogHelper  : HHH000204: Processing PersistenceUnitInfo [name: default]
2024-12-31T10:50:48.837+05:30  INFO 12328 --- [main] org.hibernate.Version                    : HHH000412: Hibernate ORM core version 6.6.4.Final
2024-12-31T10:50:48.873+05:30  INFO 12328 --- [main] o.h.c.internal.RegionFactoryInitiator    : HHH000026: Second-level cache disabled
2024-12-31T10:50:49.110+05:30  INFO 12328 --- [main] o.s.o.j.p.SpringPersistenceUnitInfo      : No LoadTimeWeaver setup: ignoring JPA class transformer
2024-12-31T10:50:49.136+05:30  INFO 12328 --- [main] com.zaxxer.hikari.HikariDataSource       : HikariPool-1 - Starting...
2024-12-31T10:50:49.463+05:30  INFO 12328 --- [main] com.zaxxer.hikari.pool.HikariPool        : HikariPool-1 - Added connection com.mysql.cj.jdbc.ConnectionImpl@2fba0dac
2024-12-31T10:50:49.464+05:30  INFO 12328 --- [main] com.zaxxer.hikari.HikariDataSource       : HikariPool-1 - Start completed.
2024-12-31T10:50:49.537+05:30  INFO 12328 --- [main] org.hibernate.orm.connections.pooling    : HHH10001005: Database info:
	Database JDBC URL [Connecting through datasource 'HikariDataSource (HikariPool-1)']
	Database driver: undefined/unknown
	Database version: 8.0.34
	Autocommit mode: undefined/unknown
	Isolation level: undefined/unknown
	Minimum pool size: undefined/unknown
	Maximum pool size: undefined/unknown
2024-12-31T10:50:50.325+05:30  INFO 12328 --- [main] o.h.e.t.j.p.i.JtaPlatformInitiator       : HHH000489: No JTA platform available (set 'hibernate.transaction.jta.platform' to enable JTA platform integration)
2024-12-31T10:50:50.473+05:30  INFO 12328 --- [main] j.LocalContainerEntityManagerFactoryBean : Initialized JPA EntityManagerFactory for persistence unit 'default'
2024-12-31T10:50:50.762+05:30  INFO 12328 --- [main] com.capgemini.cms.Application            : Started Application in 3.091 seconds (process running for 3.736)
2024-12-31T10:50:50.870+05:30  INFO 12328 --- [main] c.c.cms.service.impl.StudentServiceImpl  : Student saved successfully
2024-12-31T10:50:50.874+05:30  INFO 12328 --- [SpringApplicationShutdownHook] j.LocalContainerEntityManagerFactoryBean : Closing JPA EntityManagerFactory for persistence unit 'default'
2024-12-31T10:50:50.876+05:30  INFO 12328 --- [SpringApplicationShutdownHook] com.zaxxer.hikari.HikariDataSource       : HikariPool-1 - Shutdown initiated...
2024-12-31T10:50:50.884+05:30  INFO 12328 --- [SpringApplicationShutdownHook] com.zaxxer.hikari.HikariDataSource       : HikariPool-1 - Shutdown completed.
